C:\Program Files (x86)\Microsoft Visual Studio\2019\Community\MSBuild\Microsoft\VC\v160\Microsoft.CppBuild.targets(513,5): warning MSB8028: El directorio intermedio (Debug\) contiene archivos compartidos de otro proyecto (p6.vcxproj, p7.vcxproj). Esto puede dar lugar a un comportamiento incorrecto de limpieza y recompilación.
  AnimacionSencilla.cpp
C:\Users\CGIH11\Desktop\Practicas\p8\Nueva carpeta\p8\p8\AnimacionSencilla.cpp(195,24): warning C4244: 'inicializando': conversión de 'double' a 'GLfloat'; posible pérdida de datos
C:\Users\CGIH11\Desktop\Practicas\p8\Nueva carpeta\p8\p8\AnimacionSencilla.cpp(230,20): warning C4244: '=': conversión de 'double' a 'T'; posible pérdida de datos
          with
          [
              T=float
          ]
C:\Users\CGIH11\Desktop\Practicas\p8\Nueva carpeta\p8\p8\AnimacionSencilla.cpp(231,20): warning C4244: '=': conversión de 'double' a 'T'; posible pérdida de datos
          with
          [
              T=float
          ]
C:\Users\CGIH11\Desktop\Practicas\p8\Nueva carpeta\p8\p8\AnimacionSencilla.cpp(232,20): warning C4244: '=': conversión de 'double' a 'T'; posible pérdida de datos
          with
          [
              T=float
          ]
C:\Users\CGIH11\Desktop\Practicas\p8\Nueva carpeta\p8\p8\AnimacionSencilla.cpp(322,26): warning C4244: '=': conversión de 'double' a 'float'; posible pérdida de datos
C:\Users\CGIH11\Desktop\Practicas\p8\Nueva carpeta\p8\p8\AnimacionSencilla.cpp(333,64): error C2198: 'PFNGLUNIFORM4FVPROC': no hay suficientes argumentos para la llamada
C:\Users\CGIH11\Desktop\Practicas\p8\Nueva carpeta\p8\p8\AnimacionSencilla.cpp(454,11): warning C4244: '=': conversión de 'double' a 'GLfloat'; posible pérdida de datos
C:\Users\CGIH11\Desktop\Practicas\p8\Nueva carpeta\p8\p8\AnimacionSencilla.cpp(455,11): warning C4244: '=': conversión de 'double' a 'GLfloat'; posible pérdida de datos
C:\Users\CGIH11\Desktop\Practicas\p8\Nueva carpeta\p8\p8\AnimacionSencilla.cpp(459,18): warning C4244: 'inicializando': conversión de 'double' a 'GLfloat'; posible pérdida de datos
C:\Users\CGIH11\Desktop\Practicas\p8\Nueva carpeta\p8\p8\AnimacionSencilla.cpp(460,18): warning C4244: 'inicializando': conversión de 'double' a 'GLfloat'; posible pérdida de datos
C:\Users\CGIH11\Desktop\Practicas\p8\Nueva carpeta\p8\p8\AnimacionSencilla.cpp(462,10): warning C4244: '=': conversión de 'double' a 'GLfloat'; posible pérdida de datos
C:\Users\CGIH11\Desktop\Practicas\p8\Nueva carpeta\p8\p8\AnimacionSencilla.cpp(463,10): warning C4244: '=': conversión de 'double' a 'GLfloat'; posible pérdida de datos
